mode: atomic
cre-resume-backend/internal/job-post/handler.go:14.73,16.2 1 4
cre-resume-backend/internal/job-post/handler.go:18.62,25.2 5 4
cre-resume-backend/internal/job-post/handler.go:27.60,30.22 3 1
cre-resume-backend/internal/job-post/handler.go:35.2,36.16 2 1
cre-resume-backend/internal/job-post/handler.go:41.2,42.16 2 1
cre-resume-backend/internal/job-post/handler.go:47.2,49.12 3 1
cre-resume-backend/internal/job-post/handler.go:30.22,33.3 2 0
cre-resume-backend/internal/job-post/handler.go:36.16,39.3 2 0
cre-resume-backend/internal/job-post/handler.go:42.16,45.3 2 0
cre-resume-backend/internal/job-post/handler.go:52.58,60.16 7 1
cre-resume-backend/internal/job-post/handler.go:65.2,66.12 2 1
cre-resume-backend/internal/job-post/handler.go:60.16,63.3 2 0
cre-resume-backend/internal/job-post/handler.go:69.62,75.16 5 1
cre-resume-backend/internal/job-post/handler.go:80.2,81.16 2 1
cre-resume-backend/internal/job-post/handler.go:86.2,86.12 1 1
cre-resume-backend/internal/job-post/handler.go:75.16,78.3 2 0
cre-resume-backend/internal/job-post/handler.go:81.16,84.3 2 0
cre-resume-backend/internal/job-post/handler.go:89.62,94.16 4 1
cre-resume-backend/internal/job-post/handler.go:99.2,100.12 2 1
cre-resume-backend/internal/job-post/handler.go:94.16,97.3 2 0
cre-resume-backend/internal/job-post/repository.go:28.61,35.16 5 0
cre-resume-backend/internal/job-post/repository.go:39.2,39.48 1 0
cre-resume-backend/internal/job-post/repository.go:35.16,37.3 1 0
cre-resume-backend/internal/job-post/repository.go:42.74,50.16 5 0
cre-resume-backend/internal/job-post/repository.go:54.2,54.12 1 0
cre-resume-backend/internal/job-post/repository.go:50.16,52.3 1 0
cre-resume-backend/internal/job-post/repository.go:57.89,65.16 5 0
cre-resume-backend/internal/job-post/repository.go:69.2,69.12 1 0
cre-resume-backend/internal/job-post/repository.go:65.16,67.3 1 0
cre-resume-backend/internal/job-post/repository.go:72.80,80.27 5 0
cre-resume-backend/internal/job-post/repository.go:84.2,87.16 3 0
cre-resume-backend/internal/job-post/repository.go:90.2,90.21 1 0
cre-resume-backend/internal/job-post/repository.go:80.27,82.3 1 0
cre-resume-backend/internal/job-post/repository.go:87.16,89.3 1 0
cre-resume-backend/internal/job-post/repository.go:93.106,102.20 6 0
cre-resume-backend/internal/job-post/repository.go:111.2,111.16 1 0
cre-resume-backend/internal/job-post/repository.go:115.2,115.16 1 0
cre-resume-backend/internal/job-post/repository.go:118.2,118.23 1 0
cre-resume-backend/internal/job-post/repository.go:102.20,105.17 3 0
cre-resume-backend/internal/job-post/repository.go:108.3,108.39 1 0
cre-resume-backend/internal/job-post/repository.go:105.17,107.4 1 0
cre-resume-backend/internal/job-post/repository.go:111.16,113.3 1 0
cre-resume-backend/internal/job-post/repository.go:115.16,117.3 1 0
cre-resume-backend/internal/job-post/repository.go:121.114,131.20 8 0
cre-resume-backend/internal/job-post/repository.go:135.2,135.28 1 0
cre-resume-backend/internal/job-post/repository.go:141.2,143.14 2 0
cre-resume-backend/internal/job-post/repository.go:154.2,163.20 3 0
cre-resume-backend/internal/job-post/repository.go:172.2,172.16 1 0
cre-resume-backend/internal/job-post/repository.go:176.2,176.23 1 0
cre-resume-backend/internal/job-post/repository.go:131.20,133.3 1 0
cre-resume-backend/internal/job-post/repository.go:135.28,139.3 3 0
cre-resume-backend/internal/job-post/repository.go:144.18,145.41 1 0
cre-resume-backend/internal/job-post/repository.go:146.16,147.40 1 0
cre-resume-backend/internal/job-post/repository.go:148.17,149.40 1 0
cre-resume-backend/internal/job-post/repository.go:150.10,151.43 1 0
cre-resume-backend/internal/job-post/repository.go:163.20,166.17 3 0
cre-resume-backend/internal/job-post/repository.go:169.3,169.39 1 0
cre-resume-backend/internal/job-post/repository.go:166.17,168.4 1 0
cre-resume-backend/internal/job-post/repository.go:172.16,174.3 1 0
cre-resume-backend/internal/job-post/service.go:22.124,27.2 1 3
cre-resume-backend/internal/job-post/service.go:29.109,33.16 3 1
cre-resume-backend/internal/job-post/service.go:37.2,42.16 5 1
cre-resume-backend/internal/job-post/service.go:46.2,46.21 1 1
cre-resume-backend/internal/job-post/service.go:33.16,35.3 1 0
cre-resume-backend/internal/job-post/service.go:42.16,44.3 1 0
cre-resume-backend/internal/job-post/service.go:49.111,51.2 1 1
cre-resume-backend/internal/job-post/service.go:53.109,55.16 2 1
cre-resume-backend/internal/job-post/service.go:59.2,60.16 2 1
cre-resume-backend/internal/job-post/service.go:64.2,72.54 2 1
cre-resume-backend/internal/job-post/service.go:55.16,57.3 1 0
cre-resume-backend/internal/job-post/service.go:60.16,62.3 1 0
cre-resume-backend/internal/job-post/service.go:75.104,77.16 2 0
cre-resume-backend/internal/job-post/service.go:81.2,81.66 1 0
cre-resume-backend/internal/job-post/service.go:77.16,79.3 1 0
cre-resume-backend/internal/user/handler.go:13.61,17.2 1 3
cre-resume-backend/internal/user/handler.go:19.49,24.2 3 3
cre-resume-backend/internal/user/handler.go:26.56,30.16 3 1
cre-resume-backend/internal/user/handler.go:35.2,36.16 2 1
cre-resume-backend/internal/user/handler.go:41.2,42.12 2 1
cre-resume-backend/internal/user/handler.go:30.16,33.3 2 0
cre-resume-backend/internal/user/handler.go:36.16,39.3 2 0
cre-resume-backend/internal/user/handler.go:45.53,49.16 3 1
cre-resume-backend/internal/user/handler.go:54.2,55.16 2 1
cre-resume-backend/internal/user/handler.go:59.2,63.12 2 1
cre-resume-backend/internal/user/handler.go:49.16,52.3 2 0
cre-resume-backend/internal/user/handler.go:55.16,57.3 1 0
cre-resume-backend/internal/user/handler.go:66.56,70.16 3 1
cre-resume-backend/internal/user/handler.go:75.2,75.12 1 1
cre-resume-backend/internal/user/handler.go:70.16,73.3 2 0
cre-resume-backend/internal/user/repository.go:24.49,31.16 5 0
cre-resume-backend/internal/user/repository.go:35.2,35.42 1 0
cre-resume-backend/internal/user/repository.go:31.16,33.3 1 0
cre-resume-backend/internal/user/repository.go:38.74,46.27 5 0
cre-resume-backend/internal/user/repository.go:50.2,53.16 3 0
cre-resume-backend/internal/user/repository.go:57.2,57.18 1 0
cre-resume-backend/internal/user/repository.go:46.27,48.3 1 0
cre-resume-backend/internal/user/repository.go:53.16,55.3 1 0
cre-resume-backend/internal/user/repository.go:60.59,68.16 5 0
cre-resume-backend/internal/user/repository.go:72.2,72.12 1 0
cre-resume-backend/internal/user/repository.go:68.16,70.3 1 0
cre-resume-backend/internal/user/repository.go:75.55,92.16 6 0
cre-resume-backend/internal/user/repository.go:96.2,96.12 1 0
cre-resume-backend/internal/user/repository.go:92.16,94.3 1 0
cre-resume-backend/internal/user/service.go:23.70,27.2 1 5
cre-resume-backend/internal/user/service.go:31.57,34.16 2 2
cre-resume-backend/internal/user/service.go:38.2,39.16 2 1
cre-resume-backend/internal/user/service.go:42.2,47.16 5 1
cre-resume-backend/internal/user/service.go:51.2,51.120 1 1
cre-resume-backend/internal/user/service.go:34.16,36.3 1 1
cre-resume-backend/internal/user/service.go:39.16,41.3 1 0
cre-resume-backend/internal/user/service.go:47.16,49.3 1 0
cre-resume-backend/internal/user/service.go:54.63,56.16 2 2
cre-resume-backend/internal/user/service.go:60.2,61.16 2 1
cre-resume-backend/internal/user/service.go:65.2,66.16 2 1
cre-resume-backend/internal/user/service.go:70.2,70.19 1 1
cre-resume-backend/internal/user/service.go:56.16,58.3 1 1
cre-resume-backend/internal/user/service.go:61.16,63.3 1 0
cre-resume-backend/internal/user/service.go:66.16,68.3 1 0
cre-resume-backend/internal/user/service.go:73.53,76.2 1 1
